

================================================================
== Vivado HLS Report for 'example'
================================================================
* Date:           Wed May  7 21:11:26 2025

* Version:        2020.1 (Build 2897737 on Wed May 27 20:21:37 MDT 2020)
* Project:        example_7
* Solution:       solution1
* Product family: virtexuplus
* Target device:  xcvu9p-flga2104-1-i


================================================================
== Performance Estimates
================================================================
+ Timing: 
    * Summary: 
    +--------+----------+----------+------------+
    |  Clock |  Target  | Estimated| Uncertainty|
    +--------+----------+----------+------------+
    |ap_clk  | 10.00 ns | 8.353 ns |   1.25 ns  |
    +--------+----------+----------+------------+

+ Latency: 
    * Summary: 
    +---------+---------+-----------+----------+------+-------+---------+
    |  Latency (cycles) |  Latency (absolute)  |   Interval   | Pipeline|
    |   min   |   max   |    min    |    max   |  min |  max  |   Type  |
    +---------+---------+-----------+----------+------+-------+---------+
    |     2339|    10277| 23.390 us | 0.103 ms |  2339|  10277|   none  |
    +---------+---------+-----------+----------+------+-------+---------+

    + Detail: 
        * Instance: 
        N/A

        * Loop: 
        +-------------+---------+---------+----------+-----------+-----------+--------+----------+
        |             |  Latency (cycles) | Iteration|  Initiation Interval  |  Trip  |          |
        |  Loop Name  |   min   |   max   |  Latency |  achieved |   target  |  Count | Pipelined|
        +-------------+---------+---------+----------+-----------+-----------+--------+----------+
        |- Loop 1     |     2210|     2210|       195|         32|          1|      64|    yes   |
        |- Loop 2     |      126|     8064|  2 ~ 128 |          -|          -|      63|    no    |
        | + Loop 2.1  |        0|      126|         2|          -|          -| 0 ~ 63 |    no    |
        +-------------+---------+---------+----------+-----------+-----------+--------+----------+



================================================================
== Utilization Estimates
================================================================
* Summary: 
+---------------------+---------+-------+---------+---------+-----+
|         Name        | BRAM_18K| DSP48E|    FF   |   LUT   | URAM|
+---------------------+---------+-------+---------+---------+-----+
|DSP                  |        -|      -|        -|        -|    -|
|Expression           |        -|    256|        0|     2721|    -|
|FIFO                 |        -|      -|        -|        -|    -|
|Instance             |        -|      4|      610|     1028|    -|
|Memory               |        -|      -|        -|        -|    -|
|Multiplexer          |        -|      -|        -|     1518|    -|
|Register             |        0|      -|     9449|     1280|    -|
+---------------------+---------+-------+---------+---------+-----+
|Total                |        0|    260|    10059|     6547|    0|
+---------------------+---------+-------+---------+---------+-----+
|Available SLR        |     1440|   2280|   788160|   394080|  320|
+---------------------+---------+-------+---------+---------+-----+
|Utilization SLR (%)  |        0|     11|        1|        1|    0|
+---------------------+---------+-------+---------+---------+-----+
|Available            |     4320|   6840|  2364480|  1182240|  960|
+---------------------+---------+-------+---------+---------+-----+
|Utilization (%)      |        0|      3|    ~0   |    ~0   |    0|
+---------------------+---------+-------+---------+---------+-----+

+ Detail: 
    * Instance: 
    +-------------------------+----------------------+---------+-------+-----+-----+-----+
    |         Instance        |        Module        | BRAM_18K| DSP48E|  FF | LUT | URAM|
    +-------------------------+----------------------+---------+-------+-----+-----+-----+
    |example_fadd_32nsbkb_U1  |example_fadd_32nsbkb  |        0|      2|  177|  229|    0|
    |example_fadd_32nsbkb_U2  |example_fadd_32nsbkb  |        0|      2|  177|  229|    0|
    |example_sitofp_64cud_U3  |example_sitofp_64cud  |        0|      0|  128|  285|    0|
    |example_sitofp_64cud_U4  |example_sitofp_64cud  |        0|      0|  128|  285|    0|
    +-------------------------+----------------------+---------+-------+-----+-----+-----+
    |Total                    |                      |        0|      4|  610| 1028|    0|
    +-------------------------+----------------------+---------+-------+-----+-----+-----+

    * DSP48E: 
    N/A

    * Memory: 
    N/A

    * FIFO: 
    N/A

    * Expression: 
    +---------------------------+----------+-------+---+-----+------------+------------+
    |       Variable Name       | Operation| DSP48E| FF| LUT | Bitwidth P0| Bitwidth P1|
    +---------------------------+----------+-------+---+-----+------------+------------+
    |mul_ln1352_10_fu_1880_p2   |     *    |      4|  0|   20|          32|          32|
    |mul_ln1352_11_fu_1894_p2   |     *    |      4|  0|   20|          32|          32|
    |mul_ln1352_12_fu_1936_p2   |     *    |      4|  0|   20|          32|          32|
    |mul_ln1352_13_fu_1950_p2   |     *    |      4|  0|   20|          32|          32|
    |mul_ln1352_14_fu_1992_p2   |     *    |      4|  0|   20|          32|          32|
    |mul_ln1352_15_fu_2006_p2   |     *    |      4|  0|   20|          32|          32|
    |mul_ln1352_16_fu_2048_p2   |     *    |      4|  0|   20|          32|          32|
    |mul_ln1352_17_fu_2062_p2   |     *    |      4|  0|   20|          32|          32|
    |mul_ln1352_18_fu_2104_p2   |     *    |      4|  0|   20|          32|          32|
    |mul_ln1352_19_fu_2118_p2   |     *    |      4|  0|   20|          32|          32|
    |mul_ln1352_1_fu_1614_p2    |     *    |      4|  0|   20|          32|          32|
    |mul_ln1352_20_fu_2160_p2   |     *    |      4|  0|   20|          32|          32|
    |mul_ln1352_21_fu_2174_p2   |     *    |      4|  0|   20|          32|          32|
    |mul_ln1352_22_fu_2216_p2   |     *    |      4|  0|   20|          32|          32|
    |mul_ln1352_23_fu_2230_p2   |     *    |      4|  0|   20|          32|          32|
    |mul_ln1352_24_fu_2272_p2   |     *    |      4|  0|   20|          32|          32|
    |mul_ln1352_25_fu_2286_p2   |     *    |      4|  0|   20|          32|          32|
    |mul_ln1352_26_fu_2328_p2   |     *    |      4|  0|   20|          32|          32|
    |mul_ln1352_27_fu_2342_p2   |     *    |      4|  0|   20|          32|          32|
    |mul_ln1352_28_fu_2384_p2   |     *    |      4|  0|   20|          32|          32|
    |mul_ln1352_29_fu_2398_p2   |     *    |      4|  0|   20|          32|          32|
    |mul_ln1352_2_fu_1656_p2    |     *    |      4|  0|   20|          32|          32|
    |mul_ln1352_30_fu_2440_p2   |     *    |      4|  0|   20|          32|          32|
    |mul_ln1352_31_fu_2454_p2   |     *    |      4|  0|   20|          32|          32|
    |mul_ln1352_32_fu_2496_p2   |     *    |      4|  0|   20|          32|          32|
    |mul_ln1352_33_fu_2510_p2   |     *    |      4|  0|   20|          32|          32|
    |mul_ln1352_34_fu_2552_p2   |     *    |      4|  0|   20|          32|          32|
    |mul_ln1352_35_fu_2566_p2   |     *    |      4|  0|   20|          32|          32|
    |mul_ln1352_36_fu_2608_p2   |     *    |      4|  0|   20|          32|          32|
    |mul_ln1352_37_fu_2622_p2   |     *    |      4|  0|   20|          32|          32|
    |mul_ln1352_38_fu_2664_p2   |     *    |      4|  0|   20|          32|          32|
    |mul_ln1352_39_fu_2678_p2   |     *    |      4|  0|   20|          32|          32|
    |mul_ln1352_3_fu_1670_p2    |     *    |      4|  0|   20|          32|          32|
    |mul_ln1352_40_fu_2720_p2   |     *    |      4|  0|   20|          32|          32|
    |mul_ln1352_41_fu_2734_p2   |     *    |      4|  0|   20|          32|          32|
    |mul_ln1352_42_fu_2776_p2   |     *    |      4|  0|   20|          32|          32|
    |mul_ln1352_43_fu_2790_p2   |     *    |      4|  0|   20|          32|          32|
    |mul_ln1352_44_fu_2832_p2   |     *    |      4|  0|   20|          32|          32|
    |mul_ln1352_45_fu_2846_p2   |     *    |      4|  0|   20|          32|          32|
    |mul_ln1352_46_fu_2888_p2   |     *    |      4|  0|   20|          32|          32|
    |mul_ln1352_47_fu_2902_p2   |     *    |      4|  0|   20|          32|          32|
    |mul_ln1352_48_fu_2944_p2   |     *    |      4|  0|   20|          32|          32|
    |mul_ln1352_49_fu_2958_p2   |     *    |      4|  0|   20|          32|          32|
    |mul_ln1352_4_fu_1712_p2    |     *    |      4|  0|   20|          32|          32|
    |mul_ln1352_50_fu_3000_p2   |     *    |      4|  0|   20|          32|          32|
    |mul_ln1352_51_fu_3014_p2   |     *    |      4|  0|   20|          32|          32|
    |mul_ln1352_52_fu_3056_p2   |     *    |      4|  0|   20|          32|          32|
    |mul_ln1352_53_fu_3070_p2   |     *    |      4|  0|   20|          32|          32|
    |mul_ln1352_54_fu_3112_p2   |     *    |      4|  0|   20|          32|          32|
    |mul_ln1352_55_fu_3126_p2   |     *    |      4|  0|   20|          32|          32|
    |mul_ln1352_56_fu_3168_p2   |     *    |      4|  0|   20|          32|          32|
    |mul_ln1352_57_fu_3182_p2   |     *    |      4|  0|   20|          32|          32|
    |mul_ln1352_58_fu_3224_p2   |     *    |      4|  0|   20|          32|          32|
    |mul_ln1352_59_fu_3238_p2   |     *    |      4|  0|   20|          32|          32|
    |mul_ln1352_5_fu_1726_p2    |     *    |      4|  0|   20|          32|          32|
    |mul_ln1352_60_fu_3280_p2   |     *    |      4|  0|   20|          32|          32|
    |mul_ln1352_61_fu_3294_p2   |     *    |      4|  0|   20|          32|          32|
    |mul_ln1352_62_fu_3308_p2   |     *    |      4|  0|   20|          32|          32|
    |mul_ln1352_63_fu_3322_p2   |     *    |      4|  0|   20|          32|          32|
    |mul_ln1352_6_fu_1768_p2    |     *    |      4|  0|   20|          32|          32|
    |mul_ln1352_7_fu_1782_p2    |     *    |      4|  0|   20|          32|          32|
    |mul_ln1352_8_fu_1824_p2    |     *    |      4|  0|   20|          32|          32|
    |mul_ln1352_9_fu_1838_p2    |     *    |      4|  0|   20|          32|          32|
    |mul_ln1352_fu_1600_p2      |     *    |      4|  0|   20|          32|          32|
    |add_ln29_fu_3617_p2        |     +    |      0|  0|   15|           6|           2|
    |i_1_fu_1530_p2             |     +    |      0|  0|   15|           7|           1|
    |i_fu_3589_p2               |     +    |      0|  0|   15|           6|           1|
    |j_fu_3601_p2               |     +    |      0|  0|   15|           6|           1|
    |sh_amt_1_fu_3404_p2        |     -    |      0|  0|   16|           1|           9|
    |sh_amt_fu_3376_p2          |     -    |      0|  0|   16|           8|           9|
    |sub_ln461_fu_3569_p2       |     -    |      0|  0|   39|           1|          32|
    |and_ln282_fu_3438_p2       |    and   |      0|  0|    2|           1|           1|
    |and_ln284_fu_3464_p2       |    and   |      0|  0|    2|           1|           1|
    |and_ln285_1_fu_3556_p2     |    and   |      0|  0|    2|           1|           1|
    |and_ln285_fu_3470_p2       |    and   |      0|  0|    2|           1|           1|
    |and_ln295_fu_3496_p2       |    and   |      0|  0|    2|           1|           1|
    |icmp_ln14_fu_1524_p2       |   icmp   |      0|  0|   11|           7|           8|
    |icmp_ln278_fu_3370_p2      |   icmp   |      0|  0|   20|          31|           1|
    |icmp_ln282_fu_3386_p2      |   icmp   |      0|  0|   11|           8|           8|
    |icmp_ln284_fu_3392_p2      |   icmp   |      0|  0|   13|           9|           1|
    |icmp_ln285_fu_3398_p2      |   icmp   |      0|  0|   13|           9|           5|
    |icmp_ln295_fu_3420_p2      |   icmp   |      0|  0|    9|           4|           1|
    |icmp_ln29_fu_3583_p2       |   icmp   |      0|  0|   11|           6|           2|
    |icmp_ln31_fu_3595_p2       |   icmp   |      0|  0|   11|           6|           6|
    |icmp_ln895_fu_3623_p2      |   icmp   |      0|  0|   20|          32|          32|
    |lshr_ln286_fu_3426_p2      |   lshr   |      0|  0|   69|          24|          24|
    |or_ln215_10_fu_1802_p2     |    or    |      0|  0|   13|          13|           4|
    |or_ln215_11_fu_1844_p2     |    or    |      0|  0|   13|          13|           4|
    |or_ln215_12_fu_1858_p2     |    or    |      0|  0|   13|          13|           4|
    |or_ln215_13_fu_1900_p2     |    or    |      0|  0|   13|          13|           4|
    |or_ln215_14_fu_1914_p2     |    or    |      0|  0|   13|          13|           4|
    |or_ln215_15_fu_1956_p2     |    or    |      0|  0|   13|          13|           5|
    |or_ln215_16_fu_1970_p2     |    or    |      0|  0|   13|          13|           5|
    |or_ln215_17_fu_2012_p2     |    or    |      0|  0|   13|          13|           5|
    |or_ln215_18_fu_2026_p2     |    or    |      0|  0|   13|          13|           5|
    |or_ln215_19_fu_2068_p2     |    or    |      0|  0|   13|          13|           5|
    |or_ln215_1_fu_1564_p2      |    or    |      0|  0|   13|          13|           2|
    |or_ln215_20_fu_2082_p2     |    or    |      0|  0|   13|          13|           5|
    |or_ln215_21_fu_2124_p2     |    or    |      0|  0|   13|          13|           5|
    |or_ln215_22_fu_2138_p2     |    or    |      0|  0|   13|          13|           5|
    |or_ln215_23_fu_2180_p2     |    or    |      0|  0|   13|          13|           5|
    |or_ln215_24_fu_2194_p2     |    or    |      0|  0|   13|          13|           5|
    |or_ln215_25_fu_2236_p2     |    or    |      0|  0|   13|          13|           5|
    |or_ln215_26_fu_2250_p2     |    or    |      0|  0|   13|          13|           5|
    |or_ln215_27_fu_2292_p2     |    or    |      0|  0|   13|          13|           5|
    |or_ln215_28_fu_2306_p2     |    or    |      0|  0|   13|          13|           5|
    |or_ln215_29_fu_2348_p2     |    or    |      0|  0|   13|          13|           5|
    |or_ln215_2_fu_1578_p2      |    or    |      0|  0|   13|          13|           2|
    |or_ln215_30_fu_2362_p2     |    or    |      0|  0|   13|          13|           5|
    |or_ln215_31_fu_2404_p2     |    or    |      0|  0|   13|          13|           6|
    |or_ln215_32_fu_2418_p2     |    or    |      0|  0|   13|          13|           6|
    |or_ln215_33_fu_2460_p2     |    or    |      0|  0|   13|          13|           6|
    |or_ln215_34_fu_2474_p2     |    or    |      0|  0|   13|          13|           6|
    |or_ln215_35_fu_2516_p2     |    or    |      0|  0|   13|          13|           6|
    |or_ln215_36_fu_2530_p2     |    or    |      0|  0|   13|          13|           6|
    |or_ln215_37_fu_2572_p2     |    or    |      0|  0|   13|          13|           6|
    |or_ln215_38_fu_2586_p2     |    or    |      0|  0|   13|          13|           6|
    |or_ln215_39_fu_2628_p2     |    or    |      0|  0|   13|          13|           6|
    |or_ln215_3_fu_1620_p2      |    or    |      0|  0|   13|          13|           3|
    |or_ln215_40_fu_2642_p2     |    or    |      0|  0|   13|          13|           6|
    |or_ln215_41_fu_2684_p2     |    or    |      0|  0|   13|          13|           6|
    |or_ln215_42_fu_2698_p2     |    or    |      0|  0|   13|          13|           6|
    |or_ln215_43_fu_2740_p2     |    or    |      0|  0|   13|          13|           6|
    |or_ln215_44_fu_2754_p2     |    or    |      0|  0|   13|          13|           6|
    |or_ln215_45_fu_2796_p2     |    or    |      0|  0|   13|          13|           6|
    |or_ln215_46_fu_2810_p2     |    or    |      0|  0|   13|          13|           6|
    |or_ln215_47_fu_2852_p2     |    or    |      0|  0|   13|          13|           6|
    |or_ln215_48_fu_2866_p2     |    or    |      0|  0|   13|          13|           6|
    |or_ln215_49_fu_2908_p2     |    or    |      0|  0|   13|          13|           6|
    |or_ln215_4_fu_1634_p2      |    or    |      0|  0|   13|          13|           3|
    |or_ln215_50_fu_2922_p2     |    or    |      0|  0|   13|          13|           6|
    |or_ln215_51_fu_2964_p2     |    or    |      0|  0|   13|          13|           6|
    |or_ln215_52_fu_2978_p2     |    or    |      0|  0|   13|          13|           6|
    |or_ln215_53_fu_3020_p2     |    or    |      0|  0|   13|          13|           6|
    |or_ln215_54_fu_3034_p2     |    or    |      0|  0|   13|          13|           6|
    |or_ln215_55_fu_3076_p2     |    or    |      0|  0|   13|          13|           6|
    |or_ln215_56_fu_3090_p2     |    or    |      0|  0|   13|          13|           6|
    |or_ln215_57_fu_3132_p2     |    or    |      0|  0|   13|          13|           6|
    |or_ln215_58_fu_3146_p2     |    or    |      0|  0|   13|          13|           6|
    |or_ln215_59_fu_3188_p2     |    or    |      0|  0|   13|          13|           6|
    |or_ln215_5_fu_1676_p2      |    or    |      0|  0|   13|          13|           3|
    |or_ln215_60_fu_3202_p2     |    or    |      0|  0|   13|          13|           6|
    |or_ln215_61_fu_3244_p2     |    or    |      0|  0|   13|          13|           6|
    |or_ln215_62_fu_3258_p2     |    or    |      0|  0|   13|          13|           6|
    |or_ln215_6_fu_1690_p2      |    or    |      0|  0|   13|          13|           3|
    |or_ln215_7_fu_1732_p2      |    or    |      0|  0|   13|          13|           4|
    |or_ln215_8_fu_1746_p2      |    or    |      0|  0|   13|          13|           4|
    |or_ln215_9_fu_1788_p2      |    or    |      0|  0|   13|          13|           4|
    |or_ln215_fu_1549_p2        |    or    |      0|  0|   13|          13|           1|
    |or_ln282_fu_3452_p2        |    or    |      0|  0|    2|           1|           1|
    |or_ln284_fu_3484_p2        |    or    |      0|  0|    2|           1|           1|
    |select_ln278_fu_3544_p3    |  select  |      0|  0|   32|           1|           1|
    |select_ln282_fu_3444_p3    |  select  |      0|  0|   24|           1|          24|
    |select_ln285_1_fu_3561_p3  |  select  |      0|  0|   32|           1|          32|
    |select_ln285_fu_3476_p3    |  select  |      0|  0|   24|           1|          24|
    |select_ln288_fu_3520_p3    |  select  |      0|  0|    2|           1|           2|
    |select_ln295_fu_3537_p3    |  select  |      0|  0|   32|           1|          32|
    |select_ln303_fu_3575_p3    |  select  |      0|  0|   32|           1|          32|
    |shl_ln297_fu_3528_p2       |    shl   |      0|  0|  101|          32|          32|
    |ap_enable_pp0              |    xor   |      0|  0|    2|           1|           2|
    |xor_ln278_fu_3432_p2       |    xor   |      0|  0|    2|           1|           2|
    |xor_ln282_fu_3458_p2       |    xor   |      0|  0|    2|           1|           2|
    |xor_ln284_fu_3490_p2       |    xor   |      0|  0|    2|           1|           2|
    |xor_ln285_fu_3551_p2       |    xor   |      0|  0|    2|           1|           2|
    +---------------------------+----------+-------+---+-----+------------+------------+
    |Total                      |          |    256|  0| 2721|        3089|        2708|
    +---------------------------+----------+-------+---+-----+------------+------------+

    * Multiplexer: 
    +-------------------------------+-----+-----------+-----+-----------+
    |              Name             | LUT | Input Size| Bits| Total Bits|
    +-------------------------------+-----+-----------+-----+-----------+
    |A_V_address0                   |  149|         33|   12|        396|
    |A_V_address1                   |  149|         33|   12|        396|
    |B_V_address0                   |  149|         33|    6|        198|
    |B_V_address1                   |  149|         33|    6|        198|
    |C_V_address0                   |   21|          4|    6|         24|
    |C_V_address1                   |   15|          3|    6|         18|
    |C_V_d0                         |   15|          3|   32|         96|
    |ap_NS_fsm                      |  169|         38|    1|         38|
    |ap_enable_reg_pp0_iter6        |    9|          2|    1|          2|
    |ap_phi_mux_i_0_phi_fu_1421_p4  |    9|          2|    7|         14|
    |grp_fu_1463_p0                 |   33|          6|   32|        192|
    |grp_fu_1463_p1                 |  145|         32|   32|       1024|
    |grp_fu_1467_p0                 |   27|          5|   32|        160|
    |grp_fu_1467_p1                 |  145|         32|   32|       1024|
    |grp_fu_1471_p0                 |  149|         33|   64|       2112|
    |grp_fu_1474_p0                 |  149|         33|   64|       2112|
    |i_0_i_reg_1441                 |    9|          2|    6|         12|
    |i_0_reg_1417                   |    9|          2|    7|         14|
    |indvars_iv_i_reg_1429          |    9|          2|    6|         12|
    |j_0_i_reg_1452                 |    9|          2|    6|         12|
    +-------------------------------+-----+-----------+-----+-----------+
    |Total                          | 1518|        333|  370|       8054|
    +-------------------------------+-----+-----------+-----+-----------+

    * Register: 
    +-------------------------------+----+----+-----+-----------+
    |              Name             | FF | LUT| Bits| Const Bits|
    +-------------------------------+----+----+-----+-----------+
    |C_V_addr_1_reg_5031            |   6|   0|    6|          0|
    |C_V_addr_reg_5025              |   6|   0|    6|          0|
    |and_ln284_reg_4994             |   1|   0|    1|          0|
    |and_ln295_reg_5004             |   1|   0|    1|          0|
    |ap_CS_fsm                      |  37|   0|   37|          0|
    |ap_enable_reg_pp0_iter0        |   1|   0|    1|          0|
    |ap_enable_reg_pp0_iter1        |   1|   0|    1|          0|
    |ap_enable_reg_pp0_iter2        |   1|   0|    1|          0|
    |ap_enable_reg_pp0_iter3        |   1|   0|    1|          0|
    |ap_enable_reg_pp0_iter4        |   1|   0|    1|          0|
    |ap_enable_reg_pp0_iter5        |   1|   0|    1|          0|
    |ap_enable_reg_pp0_iter6        |   1|   0|    1|          0|
    |i_0_i_reg_1441                 |   6|   0|    6|          0|
    |i_0_reg_1417                   |   7|   0|    7|          0|
    |i_1_reg_3953                   |   7|   0|    7|          0|
    |i_reg_5012                     |   6|   0|    6|          0|
    |icmp_ln14_reg_3949             |   1|   0|    1|          0|
    |icmp_ln278_reg_4979            |   1|   0|    1|          0|
    |icmp_ln285_reg_4984            |   1|   0|    1|          0|
    |indvars_iv_i_reg_1429          |   6|   0|    6|          0|
    |j_0_i_reg_1452                 |   6|   0|    6|          0|
    |j_reg_5020                     |   6|   0|    6|          0|
    |mul_ln1352_10_reg_4164         |  64|   0|   64|          0|
    |mul_ln1352_11_reg_4169         |  64|   0|   64|          0|
    |mul_ln1352_12_reg_4194         |  64|   0|   64|          0|
    |mul_ln1352_13_reg_4199         |  64|   0|   64|          0|
    |mul_ln1352_14_reg_4224         |  64|   0|   64|          0|
    |mul_ln1352_15_reg_4229         |  64|   0|   64|          0|
    |mul_ln1352_16_reg_4254         |  64|   0|   64|          0|
    |mul_ln1352_17_reg_4259         |  64|   0|   64|          0|
    |mul_ln1352_18_reg_4284         |  64|   0|   64|          0|
    |mul_ln1352_19_reg_4289         |  64|   0|   64|          0|
    |mul_ln1352_1_reg_4049          |  64|   0|   64|          0|
    |mul_ln1352_20_reg_4314         |  64|   0|   64|          0|
    |mul_ln1352_21_reg_4319         |  64|   0|   64|          0|
    |mul_ln1352_22_reg_4344         |  64|   0|   64|          0|
    |mul_ln1352_23_reg_4349         |  64|   0|   64|          0|
    |mul_ln1352_24_reg_4374         |  64|   0|   64|          0|
    |mul_ln1352_25_reg_4379         |  64|   0|   64|          0|
    |mul_ln1352_26_reg_4404         |  64|   0|   64|          0|
    |mul_ln1352_27_reg_4409         |  64|   0|   64|          0|
    |mul_ln1352_28_reg_4434         |  64|   0|   64|          0|
    |mul_ln1352_29_reg_4439         |  64|   0|   64|          0|
    |mul_ln1352_2_reg_4064          |  64|   0|   64|          0|
    |mul_ln1352_30_reg_4464         |  64|   0|   64|          0|
    |mul_ln1352_31_reg_4469         |  64|   0|   64|          0|
    |mul_ln1352_32_reg_4494         |  64|   0|   64|          0|
    |mul_ln1352_33_reg_4499         |  64|   0|   64|          0|
    |mul_ln1352_34_reg_4524         |  64|   0|   64|          0|
    |mul_ln1352_35_reg_4529         |  64|   0|   64|          0|
    |mul_ln1352_36_reg_4554         |  64|   0|   64|          0|
    |mul_ln1352_37_reg_4559         |  64|   0|   64|          0|
    |mul_ln1352_38_reg_4584         |  64|   0|   64|          0|
    |mul_ln1352_39_reg_4589         |  64|   0|   64|          0|
    |mul_ln1352_3_reg_4069          |  64|   0|   64|          0|
    |mul_ln1352_40_reg_4614         |  64|   0|   64|          0|
    |mul_ln1352_41_reg_4619         |  64|   0|   64|          0|
    |mul_ln1352_42_reg_4644         |  64|   0|   64|          0|
    |mul_ln1352_43_reg_4649         |  64|   0|   64|          0|
    |mul_ln1352_44_reg_4674         |  64|   0|   64|          0|
    |mul_ln1352_45_reg_4679         |  64|   0|   64|          0|
    |mul_ln1352_46_reg_4704         |  64|   0|   64|          0|
    |mul_ln1352_47_reg_4709         |  64|   0|   64|          0|
    |mul_ln1352_48_reg_4734         |  64|   0|   64|          0|
    |mul_ln1352_49_reg_4739         |  64|   0|   64|          0|
    |mul_ln1352_4_reg_4084          |  64|   0|   64|          0|
    |mul_ln1352_50_reg_4764         |  64|   0|   64|          0|
    |mul_ln1352_51_reg_4769         |  64|   0|   64|          0|
    |mul_ln1352_52_reg_4794         |  64|   0|   64|          0|
    |mul_ln1352_53_reg_4799         |  64|   0|   64|          0|
    |mul_ln1352_54_reg_4824         |  64|   0|   64|          0|
    |mul_ln1352_55_reg_4829         |  64|   0|   64|          0|
    |mul_ln1352_56_reg_4854         |  64|   0|   64|          0|
    |mul_ln1352_57_reg_4859         |  64|   0|   64|          0|
    |mul_ln1352_58_reg_4884         |  64|   0|   64|          0|
    |mul_ln1352_59_reg_4889         |  64|   0|   64|          0|
    |mul_ln1352_5_reg_4089          |  64|   0|   64|          0|
    |mul_ln1352_60_reg_4914         |  64|   0|   64|          0|
    |mul_ln1352_61_reg_4919         |  64|   0|   64|          0|
    |mul_ln1352_62_reg_4934         |  64|   0|   64|          0|
    |mul_ln1352_63_reg_4939         |  64|   0|   64|          0|
    |mul_ln1352_6_reg_4114          |  64|   0|   64|          0|
    |mul_ln1352_7_reg_4119          |  64|   0|   64|          0|
    |mul_ln1352_8_reg_4144          |  64|   0|   64|          0|
    |mul_ln1352_9_reg_4149          |  64|   0|   64|          0|
    |mul_ln1352_reg_4044            |  64|   0|   64|          0|
    |p_Result_2_reg_4969            |   1|   0|    1|          0|
    |reg_1477                       |  32|   0|   32|          0|
    |reg_1483                       |  32|   0|   32|          0|
    |reg_1488                       |  32|   0|   32|          0|
    |reg_1493                       |  32|   0|   32|          0|
    |reg_1498                       |  32|   0|   32|          0|
    |reg_1503                       |  32|   0|   32|          0|
    |reg_1509                       |  32|   0|   32|          0|
    |reg_1514                       |  32|   0|   32|          0|
    |reg_1519                       |  32|   0|   32|          0|
    |reg_V_reg_4964                 |  32|   0|   32|          0|
    |select_ln285_reg_4999          |  24|   0|   24|          0|
    |sh_amt_1_reg_4989              |   9|   0|    9|          0|
    |tmp_10_reg_4219                |  32|   0|   32|          0|
    |tmp_11_reg_4244                |  32|   0|   32|          0|
    |tmp_12_reg_4249                |  32|   0|   32|          0|
    |tmp_13_reg_4274                |  32|   0|   32|          0|
    |tmp_13_reg_4274_pp0_iter1_reg  |  32|   0|   32|          0|
    |tmp_14_reg_4279                |  32|   0|   32|          0|
    |tmp_14_reg_4279_pp0_iter1_reg  |  32|   0|   32|          0|
    |tmp_15_reg_4304                |  32|   0|   32|          0|
    |tmp_15_reg_4304_pp0_iter1_reg  |  32|   0|   32|          0|
    |tmp_16_reg_4309                |  32|   0|   32|          0|
    |tmp_16_reg_4309_pp0_iter1_reg  |  32|   0|   32|          0|
    |tmp_17_reg_4334                |  32|   0|   32|          0|
    |tmp_17_reg_4334_pp0_iter1_reg  |  32|   0|   32|          0|
    |tmp_18_reg_4339                |  32|   0|   32|          0|
    |tmp_18_reg_4339_pp0_iter1_reg  |  32|   0|   32|          0|
    |tmp_19_reg_4364                |  32|   0|   32|          0|
    |tmp_19_reg_4364_pp0_iter1_reg  |  32|   0|   32|          0|
    |tmp_20_reg_4369                |  32|   0|   32|          0|
    |tmp_20_reg_4369_pp0_iter1_reg  |  32|   0|   32|          0|
    |tmp_21_reg_4394                |  32|   0|   32|          0|
    |tmp_21_reg_4394_pp0_iter1_reg  |  32|   0|   32|          0|
    |tmp_22_reg_4399                |  32|   0|   32|          0|
    |tmp_22_reg_4399_pp0_iter1_reg  |  32|   0|   32|          0|
    |tmp_23_reg_4424                |  32|   0|   32|          0|
    |tmp_23_reg_4424_pp0_iter1_reg  |  32|   0|   32|          0|
    |tmp_24_reg_4429                |  32|   0|   32|          0|
    |tmp_24_reg_4429_pp0_iter1_reg  |  32|   0|   32|          0|
    |tmp_25_reg_4454                |  32|   0|   32|          0|
    |tmp_26_reg_4459                |  32|   0|   32|          0|
    |tmp_27_reg_4484                |  32|   0|   32|          0|
    |tmp_28_reg_4489                |  32|   0|   32|          0|
    |tmp_29_reg_4514                |  32|   0|   32|          0|
    |tmp_2_reg_4104                 |  32|   0|   32|          0|
    |tmp_30_reg_4519                |  32|   0|   32|          0|
    |tmp_31_reg_4544                |  32|   0|   32|          0|
    |tmp_32_reg_4549                |  32|   0|   32|          0|
    |tmp_33_reg_4574                |  32|   0|   32|          0|
    |tmp_34_reg_4579                |  32|   0|   32|          0|
    |tmp_35_reg_4604                |  32|   0|   32|          0|
    |tmp_36_reg_4609                |  32|   0|   32|          0|
    |tmp_37_reg_4634                |  32|   0|   32|          0|
    |tmp_38_reg_4639                |  32|   0|   32|          0|
    |tmp_39_reg_4664                |  32|   0|   32|          0|
    |tmp_3_reg_4109                 |  32|   0|   32|          0|
    |tmp_40_reg_4669                |  32|   0|   32|          0|
    |tmp_41_reg_4694                |  32|   0|   32|          0|
    |tmp_42_reg_4699                |  32|   0|   32|          0|
    |tmp_43_reg_4724                |  32|   0|   32|          0|
    |tmp_44_reg_4729                |  32|   0|   32|          0|
    |tmp_45_reg_4754                |  32|   0|   32|          0|
    |tmp_46_reg_4759                |  32|   0|   32|          0|
    |tmp_47_reg_4784                |  32|   0|   32|          0|
    |tmp_48_reg_4789                |  32|   0|   32|          0|
    |tmp_49_reg_4814                |  32|   0|   32|          0|
    |tmp_4_reg_4134                 |  32|   0|   32|          0|
    |tmp_50_reg_4819                |  32|   0|   32|          0|
    |tmp_51_reg_4844                |  32|   0|   32|          0|
    |tmp_52_reg_4849                |  32|   0|   32|          0|
    |tmp_53_reg_4874                |  32|   0|   32|          0|
    |tmp_54_reg_4879                |  32|   0|   32|          0|
    |tmp_55_reg_4904                |  32|   0|   32|          0|
    |tmp_56_reg_4909                |  32|   0|   32|          0|
    |tmp_57_reg_4924                |  32|   0|   32|          0|
    |tmp_58_reg_4929                |  32|   0|   32|          0|
    |tmp_59_reg_4944                |  32|   0|   32|          0|
    |tmp_5_reg_4139                 |  32|   0|   32|          0|
    |tmp_60_reg_4949                |  32|   0|   32|          0|
    |tmp_61_reg_4954                |  32|   0|   32|          0|
    |tmp_62_reg_4959                |  32|   0|   32|          0|
    |tmp_63_reg_4974                |  23|   0|   24|          1|
    |tmp_65_reg_3958                |   7|   0|   13|          6|
    |tmp_8_reg_4184                 |  32|   0|   32|          0|
    |tmp_9_reg_4189                 |  32|   0|   32|          0|
    |tmp_s_reg_4214                 |  32|   0|   32|          0|
    |i_0_reg_1417                   |  64|  32|    7|          0|
    |icmp_ln14_reg_3949             |  64|  32|    1|          0|
    |tmp_25_reg_4454                |  64|  32|   32|          0|
    |tmp_26_reg_4459                |  64|  32|   32|          0|
    |tmp_27_reg_4484                |  64|  32|   32|          0|
    |tmp_28_reg_4489                |  64|  32|   32|          0|
    |tmp_29_reg_4514                |  64|  32|   32|          0|
    |tmp_30_reg_4519                |  64|  32|   32|          0|
    |tmp_31_reg_4544                |  64|  32|   32|          0|
    |tmp_32_reg_4549                |  64|  32|   32|          0|
    |tmp_33_reg_4574                |  64|  32|   32|          0|
    |tmp_34_reg_4579                |  64|  32|   32|          0|
    |tmp_35_reg_4604                |  64|  32|   32|          0|
    |tmp_36_reg_4609                |  64|  32|   32|          0|
    |tmp_37_reg_4634                |  64|  32|   32|          0|
    |tmp_38_reg_4639                |  64|  32|   32|          0|
    |tmp_39_reg_4664                |  64|  32|   32|          0|
    |tmp_40_reg_4669                |  64|  32|   32|          0|
    |tmp_41_reg_4694                |  64|  32|   32|          0|
    |tmp_42_reg_4699                |  64|  32|   32|          0|
    |tmp_43_reg_4724                |  64|  32|   32|          0|
    |tmp_44_reg_4729                |  64|  32|   32|          0|
    |tmp_45_reg_4754                |  64|  32|   32|          0|
    |tmp_46_reg_4759                |  64|  32|   32|          0|
    |tmp_47_reg_4784                |  64|  32|   32|          0|
    |tmp_48_reg_4789                |  64|  32|   32|          0|
    |tmp_49_reg_4814                |  64|  32|   32|          0|
    |tmp_50_reg_4819                |  64|  32|   32|          0|
    |tmp_51_reg_4844                |  64|  32|   32|          0|
    |tmp_52_reg_4849                |  64|  32|   32|          0|
    |tmp_53_reg_4874                |  64|  32|   32|          0|
    |tmp_54_reg_4879                |  64|  32|   32|          0|
    |tmp_55_reg_4904                |  64|  32|   32|          0|
    |tmp_56_reg_4909                |  64|  32|   32|          0|
    |tmp_57_reg_4924                |  64|  32|   32|          0|
    |tmp_58_reg_4929                |  64|  32|   32|          0|
    |tmp_59_reg_4944                |  64|  32|   32|          0|
    |tmp_60_reg_4949                |  64|  32|   32|          0|
    |tmp_61_reg_4954                |  64|  32|   32|          0|
    |tmp_62_reg_4959                |  64|  32|   32|          0|
    +-------------------------------+----+----+-----+-----------+
    |Total                          |9449|1280| 8120|          7|
    +-------------------------------+----+----+-----+-----------+



================================================================
== Interface
================================================================
* Summary: 
+--------------+-----+-----+------------+--------------+--------------+
|   RTL Ports  | Dir | Bits|  Protocol  | Source Object|    C Type    |
+--------------+-----+-----+------------+--------------+--------------+
|ap_clk        |  in |    1| ap_ctrl_hs |    example   | return value |
|ap_rst        |  in |    1| ap_ctrl_hs |    example   | return value |
|ap_start      |  in |    1| ap_ctrl_hs |    example   | return value |
|ap_done       | out |    1| ap_ctrl_hs |    example   | return value |
|ap_idle       | out |    1| ap_ctrl_hs |    example   | return value |
|ap_ready      | out |    1| ap_ctrl_hs |    example   | return value |
|A_V_address0  | out |   12|  ap_memory |      A_V     |     array    |
|A_V_ce0       | out |    1|  ap_memory |      A_V     |     array    |
|A_V_q0        |  in |   32|  ap_memory |      A_V     |     array    |
|A_V_address1  | out |   12|  ap_memory |      A_V     |     array    |
|A_V_ce1       | out |    1|  ap_memory |      A_V     |     array    |
|A_V_q1        |  in |   32|  ap_memory |      A_V     |     array    |
|B_V_address0  | out |    6|  ap_memory |      B_V     |     array    |
|B_V_ce0       | out |    1|  ap_memory |      B_V     |     array    |
|B_V_q0        |  in |   32|  ap_memory |      B_V     |     array    |
|B_V_address1  | out |    6|  ap_memory |      B_V     |     array    |
|B_V_ce1       | out |    1|  ap_memory |      B_V     |     array    |
|B_V_q1        |  in |   32|  ap_memory |      B_V     |     array    |
|C_V_address0  | out |    6|  ap_memory |      C_V     |     array    |
|C_V_ce0       | out |    1|  ap_memory |      C_V     |     array    |
|C_V_we0       | out |    1|  ap_memory |      C_V     |     array    |
|C_V_d0        | out |   32|  ap_memory |      C_V     |     array    |
|C_V_q0        |  in |   32|  ap_memory |      C_V     |     array    |
|C_V_address1  | out |    6|  ap_memory |      C_V     |     array    |
|C_V_ce1       | out |    1|  ap_memory |      C_V     |     array    |
|C_V_we1       | out |    1|  ap_memory |      C_V     |     array    |
|C_V_d1        | out |   32|  ap_memory |      C_V     |     array    |
|C_V_q1        |  in |   32|  ap_memory |      C_V     |     array    |
+--------------+-----+-----+------------+--------------+--------------+

